INFO 2020-02-10 21:38:05,835 basehttp 154 "GET / HTTP/1.1" 200 14891
WARNING 2020-02-10 21:38:06,645 log 228 Not Found: /favicon.ico
WARNING 2020-02-10 21:38:06,646 basehttp 154 "GET /favicon.ico HTTP/1.1" 404 2189
INFO 2020-02-10 21:38:08,898 basehttp 154 "GET / HTTP/1.1" 200 14891
INFO 2020-02-10 21:38:11,013 basehttp 154 "GET / HTTP/1.1" 200 14891
INFO 2020-02-10 21:39:03,951 basehttp 154 "GET / HTTP/1.1" 200 14891
INFO 2020-02-10 21:39:05,575 basehttp 154 "GET / HTTP/1.1" 200 14891
INFO 2020-02-10 21:39:18,012 basehttp 154 "GET / HTTP/1.1" 200 14896
INFO 2020-02-10 21:39:18,316 basehttp 154 "GET / HTTP/1.1" 200 14896
INFO 2020-02-10 21:39:19,626 basehttp 154 "GET /blog/ HTTP/1.1" 200 5564
INFO 2020-02-10 21:39:19,742 basehttp 154 "GET /static/css/js/jquery.slides.min.js HTTP/1.1" 200 11646
INFO 2020-02-10 21:39:19,761 basehttp 154 "GET /static/css/stylee.css HTTP/1.1" 200 17550
INFO 2020-02-10 21:39:19,794 basehttp 154 "GET /static/images/marker.png HTTP/1.1" 200 441
INFO 2020-02-10 21:39:19,795 basehttp 154 "GET /static/images/jichujiaochen.jpeg HTTP/1.1" 200 11286
INFO 2020-02-10 21:40:08,229 basehttp 154 "GET / HTTP/1.1" 200 14896
INFO 2020-02-10 21:40:09,765 basehttp 154 "GET /blog/ HTTP/1.1" 200 5564
INFO 2020-02-10 21:44:35,027 basehttp 154 "GET /blog/ HTTP/1.1" 200 5623
INFO 2020-02-10 21:44:35,040 basehttp 154 "GET /static/css/stylee.css HTTP/1.1" 200 17550
INFO 2020-02-10 21:44:35,043 basehttp 154 "GET /static/css/js/jquery.slides.min.js HTTP/1.1" 200 11646
INFO 2020-02-10 21:44:35,053 basehttp 154 "GET /static/images/jichujiaochen.jpeg HTTP/1.1" 200 11286
INFO 2020-02-10 21:44:35,080 basehttp 154 "GET /static/images/bg.jpg HTTP/1.1" 200 86682
INFO 2020-02-10 21:44:35,535 basehttp 154 "GET /blog/ HTTP/1.1" 200 5623
INFO 2020-02-10 21:44:35,548 basehttp 154 "GET /static/css/stylee.css HTTP/1.1" 200 17550
INFO 2020-02-10 21:44:35,559 basehttp 154 "GET /static/images/jichujiaochen.jpeg HTTP/1.1" 200 11286
INFO 2020-02-10 21:44:35,559 basehttp 154 "GET /static/css/js/jquery.slides.min.js HTTP/1.1" 200 11646
INFO 2020-02-10 21:44:35,567 basehttp 154 "GET /static/images/bg.jpg HTTP/1.1" 200 86682
INFO 2020-02-10 21:44:36,162 basehttp 154 "GET /blog/ HTTP/1.1" 200 5623
INFO 2020-02-10 21:44:36,173 basehttp 154 "GET /static/css/js/jquery.slides.min.js HTTP/1.1" 200 11646
INFO 2020-02-10 21:44:36,175 basehttp 154 "GET /static/images/jichujiaochen.jpeg HTTP/1.1" 200 11286
INFO 2020-02-10 21:44:36,178 basehttp 154 "GET /static/css/stylee.css HTTP/1.1" 200 17550
INFO 2020-02-10 21:44:36,200 basehttp 154 "GET /static/images/bg.jpg HTTP/1.1" 200 86682
INFO 2020-02-10 22:08:35,075 basehttp 154 "GET / HTTP/1.1" 200 14896
WARNING 2020-02-10 22:08:35,800 log 228 Not Found: /favicon.ico
WARNING 2020-02-10 22:08:35,802 basehttp 154 "GET /favicon.ico HTTP/1.1" 404 2194
INFO 2020-02-10 22:08:37,251 basehttp 154 "GET /blog/ HTTP/1.1" 200 5623
INFO 2020-02-10 22:09:15,984 basehttp 154 "GET /blog/ HTTP/1.1" 200 5817
INFO 2020-02-10 22:09:16,673 basehttp 154 "GET /blog/ HTTP/1.1" 200 5817
INFO 2020-02-10 22:09:17,022 basehttp 154 "GET /blog/ HTTP/1.1" 200 5817
INFO 2020-02-10 22:09:17,232 basehttp 154 "GET /blog/ HTTP/1.1" 200 5817
INFO 2020-02-10 22:09:17,386 basehttp 154 "GET /blog/ HTTP/1.1" 200 5817
INFO 2020-02-10 22:09:29,932 basehttp 154 "GET /blog/ HTTP/1.1" 200 5993
INFO 2020-02-10 22:10:13,682 basehttp 154 "GET / HTTP/1.1" 200 14896
INFO 2020-02-10 22:10:15,042 basehttp 154 "GET /blog/ HTTP/1.1" 200 5993
INFO 2020-02-10 22:11:01,118 basehttp 154 "GET /blog/ HTTP/1.1" 200 6113
INFO 2020-02-10 22:11:33,158 basehttp 154 "GET /blog/ HTTP/1.1" 200 6113
INFO 2020-02-10 22:11:33,664 basehttp 154 "GET /blog/ HTTP/1.1" 200 6113
INFO 2020-02-10 22:15:03,905 basehttp 154 "GET /blog/ HTTP/1.1" 200 6211
INFO 2020-02-10 22:15:04,772 basehttp 154 "GET /blog/ HTTP/1.1" 200 6211
INFO 2020-02-10 22:15:05,143 basehttp 154 "GET /blog/ HTTP/1.1" 200 6211
INFO 2020-02-10 22:15:14,100 basehttp 154 "GET /blog/ HTTP/1.1" 200 6200
INFO 2020-02-10 22:15:29,205 basehttp 154 "GET /blog/ HTTP/1.1" 200 6218
INFO 2020-02-10 22:15:29,710 basehttp 154 "GET /blog/ HTTP/1.1" 200 6218
INFO 2020-02-10 22:15:30,318 basehttp 154 "GET /blog/ HTTP/1.1" 200 6218
INFO 2020-02-10 22:15:30,472 basehttp 154 "GET /blog/ HTTP/1.1" 200 6218
INFO 2020-02-10 22:15:30,592 basehttp 154 "GET /blog/ HTTP/1.1" 200 6218
INFO 2020-02-10 22:15:34,173 basehttp 154 "GET /blog/ HTTP/1.1" 200 6207
INFO 2020-02-10 22:15:34,575 basehttp 154 "GET /blog/ HTTP/1.1" 200 6207
INFO 2020-02-10 22:15:34,635 basehttp 154 "GET /blog/ HTTP/1.1" 200 6207
INFO 2020-02-10 22:15:44,343 basehttp 154 "GET /blog/ HTTP/1.1" 200 6219
INFO 2020-02-10 22:15:44,720 basehttp 154 "GET /blog/ HTTP/1.1" 200 6219
INFO 2020-02-10 22:15:44,855 basehttp 154 "GET /blog/ HTTP/1.1" 200 6219
INFO 2020-02-10 22:15:44,991 basehttp 154 "GET /blog/ HTTP/1.1" 200 6219
INFO 2020-02-10 22:15:50,804 basehttp 154 "GET /blog/ HTTP/1.1" 200 6213
INFO 2020-02-10 22:15:51,129 basehttp 154 "GET /blog/ HTTP/1.1" 200 6213
INFO 2020-02-10 22:15:51,255 basehttp 154 "GET /blog/ HTTP/1.1" 200 6213
INFO 2020-02-10 22:15:51,387 basehttp 154 "GET /blog/ HTTP/1.1" 200 6213
INFO 2020-02-10 22:15:51,502 basehttp 154 "GET /blog/ HTTP/1.1" 200 6213
INFO 2020-02-10 22:17:21,962 basehttp 154 "GET /blog/ HTTP/1.1" 200 6348
INFO 2020-02-10 22:17:22,706 basehttp 154 "GET /blog/ HTTP/1.1" 200 6348
INFO 2020-02-10 22:17:36,121 basehttp 154 "GET /blog/ HTTP/1.1" 200 6348
INFO 2020-02-10 22:19:14,579 basehttp 154 "GET /blog/ HTTP/1.1" 200 6470
INFO 2020-02-10 22:19:15,262 basehttp 154 "GET /blog/ HTTP/1.1" 200 6470
INFO 2020-02-10 22:19:15,747 basehttp 154 "GET /blog/ HTTP/1.1" 200 6470
INFO 2020-02-10 22:19:15,978 basehttp 154 "GET /blog/ HTTP/1.1" 200 6470
INFO 2020-02-10 22:20:38,484 basehttp 154 "GET /blog/ HTTP/1.1" 200 6505
INFO 2020-02-10 22:21:43,431 basehttp 154 "GET /blog/ HTTP/1.1" 200 6604
INFO 2020-02-10 22:21:53,535 basehttp 154 "GET /blog/ HTTP/1.1" 200 6604
INFO 2020-02-10 22:21:58,333 basehttp 154 "GET /blog/ HTTP/1.1" 200 6603
INFO 2020-02-10 22:22:10,773 basehttp 154 "GET /blog/ HTTP/1.1" 200 6603
INFO 2020-02-10 22:22:18,089 basehttp 154 "GET /blog/ HTTP/1.1" 200 6603
INFO 2020-02-10 22:22:23,407 basehttp 154 "GET /blog/ HTTP/1.1" 200 6603
INFO 2020-02-10 22:22:28,232 basehttp 154 "GET /blog/ HTTP/1.1" 200 6603
INFO 2020-02-10 22:22:32,197 basehttp 154 "GET /blog/ HTTP/1.1" 200 6603
INFO 2020-02-10 22:22:36,460 basehttp 154 "GET /blog/ HTTP/1.1" 200 6603
INFO 2020-02-10 22:22:49,796 basehttp 154 "GET /blog/ HTTP/1.1" 200 6633
INFO 2020-02-10 22:23:08,889 basehttp 154 "GET /blog/ HTTP/1.1" 200 6646
INFO 2020-02-10 22:23:17,770 basehttp 154 "GET /blog/ HTTP/1.1" 200 6638
INFO 2020-02-10 22:24:20,776 basehttp 154 "GET /blog/ HTTP/1.1" 200 6639
INFO 2020-02-10 22:24:25,142 basehttp 154 "GET /blog/ HTTP/1.1" 200 6639
INFO 2020-02-10 22:24:30,731 basehttp 154 "GET /blog/ HTTP/1.1" 200 6639
INFO 2020-02-10 22:24:37,384 basehttp 154 "GET /blog/ HTTP/1.1" 200 6639
INFO 2020-02-10 22:24:42,228 basehttp 154 "GET /blog/ HTTP/1.1" 200 6639
INFO 2020-02-10 22:24:54,981 basehttp 154 "GET /blog/ HTTP/1.1" 200 6609
INFO 2020-02-10 22:25:01,704 basehttp 154 "GET /blog/ HTTP/1.1" 200 6609
INFO 2020-02-10 22:26:19,221 basehttp 154 "GET /blog/ HTTP/1.1" 200 6621
INFO 2020-02-10 22:26:52,296 basehttp 154 "GET /blog/ HTTP/1.1" 200 6633
INFO 2020-02-10 22:27:06,620 basehttp 154 "GET /blog/ HTTP/1.1" 200 6633
INFO 2020-02-10 22:27:11,277 basehttp 154 "GET /blog/ HTTP/1.1" 200 6633
INFO 2020-02-10 22:28:26,246 basehttp 154 "GET /blog/ HTTP/1.1" 200 6638
INFO 2020-02-10 22:28:26,787 basehttp 154 "GET /blog/ HTTP/1.1" 200 6638
INFO 2020-02-10 22:28:27,167 basehttp 154 "GET /blog/ HTTP/1.1" 200 6638
INFO 2020-02-10 22:30:44,639 basehttp 154 "GET / HTTP/1.1" 200 14896
INFO 2020-02-10 22:30:46,829 basehttp 154 "GET /blog/ HTTP/1.1" 200 6638
INFO 2020-02-10 22:36:19,982 basehttp 154 "GET /blog/ HTTP/1.1" 200 6650
INFO 2020-02-10 22:36:20,002 basehttp 154 "GET /static/images/girl_friend_pic.jpg HTTP/1.1" 200 87206
INFO 2020-02-10 22:37:48,888 basehttp 154 "GET /blog/ HTTP/1.1" 200 6649
INFO 2020-02-10 22:37:49,008 basehttp 154 "GET /static/images/gir_friend_pic.jpg HTTP/1.1" 200 1634811
INFO 2020-02-10 22:42:44,605 basehttp 154 "GET /blog/ HTTP/1.1" 200 6638
WARNING 2020-02-10 22:42:44,627 basehttp 154 "GET /static/images/gir.jpg HTTP/1.1" 404 1666
INFO 2020-02-10 22:42:46,700 basehttp 154 "GET /blog/ HTTP/1.1" 200 6638
WARNING 2020-02-10 22:42:46,714 basehttp 154 "GET /static/images/gir.jpg HTTP/1.1" 404 1666
INFO 2020-02-10 22:42:46,850 basehttp 154 "GET /blog/ HTTP/1.1" 200 6638
WARNING 2020-02-10 22:42:46,866 basehttp 154 "GET /static/images/gir.jpg HTTP/1.1" 404 1666
INFO 2020-02-10 22:42:58,506 basehttp 154 "GET /blog/ HTTP/1.1" 200 6638
INFO 2020-02-10 22:42:58,646 basehttp 154 "GET /static/images/gir.JPG HTTP/1.1" 200 1024286
INFO 2020-02-10 22:42:58,854 basehttp 154 "GET /blog/ HTTP/1.1" 200 6638
INFO 2020-02-10 22:44:36,944 basehttp 154 "GET /blog/ HTTP/1.1" 200 6637
INFO 2020-02-10 22:44:36,957 basehttp 154 "GET /static/css/stylee.css HTTP/1.1" 200 17550
INFO 2020-02-10 22:44:36,959 basehttp 154 "GET /static/css/js/jquery.slides.min.js HTTP/1.1" 200 11646
INFO 2020-02-10 22:44:36,971 basehttp 154 "GET /static/images/jichujiaochen.jpeg HTTP/1.1" 200 11286
INFO 2020-02-10 22:44:37,054 basehttp 154 "GET /static/images/gir.JPG HTTP/1.1" 200 1024286
INFO 2020-02-10 22:44:37,705 basehttp 154 "GET /blog/ HTTP/1.1" 200 6637
INFO 2020-02-10 22:44:37,716 basehttp 154 "GET /static/css/js/jquery.slides.min.js HTTP/1.1" 200 11646
INFO 2020-02-10 22:44:37,717 basehttp 154 "GET /static/images/jichujiaochen.jpeg HTTP/1.1" 200 11286
INFO 2020-02-10 22:44:37,719 basehttp 154 "GET /static/css/stylee.css HTTP/1.1" 200 17550
INFO 2020-02-10 22:44:37,800 basehttp 154 "GET /static/images/gir.JPG HTTP/1.1" 200 1024286
INFO 2020-02-10 22:44:42,384 basehttp 154 "GET /static/images/marker.png HTTP/1.1" 200 441
INFO 2020-02-10 22:44:44,069 basehttp 154 "GET /blog/ HTTP/1.1" 200 6638
INFO 2020-02-10 22:44:44,081 basehttp 154 "GET /static/css/js/jquery.slides.min.js HTTP/1.1" 200 11646
INFO 2020-02-10 22:44:44,083 basehttp 154 "GET /static/images/jichujiaochen.jpeg HTTP/1.1" 200 11286
INFO 2020-02-10 22:44:44,087 basehttp 154 "GET /static/css/stylee.css HTTP/1.1" 200 17550
INFO 2020-02-10 22:44:44,176 basehttp 154 "GET /static/images/gir.JPG HTTP/1.1" 200 1024286
INFO 2020-02-10 22:44:44,640 basehttp 154 "GET /blog/ HTTP/1.1" 200 6638
INFO 2020-02-10 22:44:44,652 basehttp 154 "GET /static/css/js/jquery.slides.min.js HTTP/1.1" 200 11646
INFO 2020-02-10 22:44:44,654 basehttp 154 "GET /static/images/jichujiaochen.jpeg HTTP/1.1" 200 11286
INFO 2020-02-10 22:44:44,656 basehttp 154 "GET /static/css/stylee.css HTTP/1.1" 200 17550
INFO 2020-02-10 22:44:44,748 basehttp 154 "GET /static/images/gir.JPG HTTP/1.1" 200 1024286
INFO 2020-02-10 22:44:47,965 basehttp 154 "GET /blog/ HTTP/1.1" 200 6638
INFO 2020-02-10 22:44:48,566 basehttp 154 "GET /blog/ HTTP/1.1" 200 6638
INFO 2020-02-10 22:44:48,747 basehttp 154 "GET /blog/ HTTP/1.1" 200 6638
INFO 2020-02-10 22:44:54,901 basehttp 154 "GET /blog HTTP/1.1" 301 0
INFO 2020-02-10 22:44:54,907 basehttp 154 "GET /blog/ HTTP/1.1" 200 6638
INFO 2020-02-10 22:45:01,883 basehttp 154 "GET /blog/ HTTP/1.1" 200 6638
INFO 2020-02-10 22:45:02,634 basehttp 154 "GET /blog/ HTTP/1.1" 200 6638
INFO 2020-02-10 22:45:03,068 basehttp 154 "GET /blog/ HTTP/1.1" 200 6638
INFO 2020-02-10 22:45:03,550 basehttp 154 "GET /blog/ HTTP/1.1" 200 6638
INFO 2020-02-10 22:45:04,077 basehttp 154 "GET / HTTP/1.1" 200 14896
INFO 2020-02-10 22:45:05,331 basehttp 154 "GET /blog/ HTTP/1.1" 200 6638
INFO 2020-02-10 22:45:09,506 basehttp 154 "GET /blog/ HTTP/1.1" 200 6637
INFO 2020-02-10 22:46:01,502 basehttp 154 "GET /blog/ HTTP/1.1" 200 6640
INFO 2020-02-10 22:46:01,520 basehttp 154 "GET /static/images/gir.JPG HTTP/1.1" 304 0
INFO 2020-02-10 22:46:12,542 basehttp 154 "GET /blog/ HTTP/1.1" 200 6639
INFO 2020-02-10 22:47:07,564 basehttp 154 "GET /blog/ HTTP/1.1" 200 6644
INFO 2020-02-10 22:47:07,579 basehttp 154 "GET /static/images/gir.JPG HTTP/1.1" 304 0
INFO 2020-02-10 22:47:54,857 basehttp 154 "GET /blog/ HTTP/1.1" 200 6638
INFO 2020-02-10 22:51:25,832 basehttp 154 "GET /blog/ HTTP/1.1" 200 6632
INFO 2020-02-10 22:51:25,976 basehttp 154 "GET /static/images/st.JPG HTTP/1.1" 200 1634811
INFO 2020-02-10 22:52:14,230 basehttp 154 "GET /blog/ HTTP/1.1" 200 6632
INFO 2020-02-10 22:52:14,249 basehttp 154 "GET /static/images/pp.jpg HTTP/1.1" 200 76872
INFO 2020-02-10 22:52:14,375 basehttp 154 "GET /blog/ HTTP/1.1" 200 6632
INFO 2020-02-10 22:52:32,473 basehttp 154 "GET /blog/ HTTP/1.1" 200 6632
INFO 2020-02-10 22:52:33,461 basehttp 154 "GET / HTTP/1.1" 200 14896
INFO 2020-02-10 22:53:13,718 basehttp 154 "GET /blog/ HTTP/1.1" 200 6632
INFO 2020-02-10 22:54:24,024 basehttp 154 "GET /blog/ HTTP/1.1" 200 6604
INFO 2020-02-10 22:54:56,663 basehttp 154 "GET /blog/ HTTP/1.1" 200 6605
INFO 2020-02-10 22:55:09,078 basehttp 154 "GET /blog/ HTTP/1.1" 200 6604
INFO 2020-02-10 22:56:53,673 basehttp 154 "GET /blog/ HTTP/1.1" 200 6643
INFO 2020-02-10 22:56:53,695 basehttp 154 "GET /static/images/blog_bcg/b_1.jpg HTTP/1.1" 200 65248
INFO 2020-02-10 22:57:15,400 basehttp 154 "GET /blog/ HTTP/1.1" 200 6642
INFO 2020-02-10 22:57:15,428 basehttp 154 "GET /static/images/blog_bcg/b_1.jpg HTTP/1.1" 304 0
INFO 2020-02-10 22:57:21,565 basehttp 154 "GET /blog/ HTTP/1.1" 200 6642
INFO 2020-02-10 22:57:24,766 basehttp 154 "GET /blog/ HTTP/1.1" 200 6642
INFO 2020-02-10 22:57:33,198 basehttp 154 "GET /blog/ HTTP/1.1" 200 6642
INFO 2020-02-10 22:57:33,218 basehttp 154 "GET /static/images/blog_bcg/b_1.jpg HTTP/1.1" 304 0
INFO 2020-02-10 22:57:38,532 basehttp 154 "GET /blog/ HTTP/1.1" 200 6642
INFO 2020-02-10 22:58:00,031 basehttp 154 "GET /blog/ HTTP/1.1" 200 6648
INFO 2020-02-10 22:58:00,048 basehttp 154 "GET /static/images/blog_bcg/b_1.jpg HTTP/1.1" 304 0
INFO 2020-02-10 22:58:07,096 basehttp 154 "GET /blog/ HTTP/1.1" 200 6644
INFO 2020-02-10 22:58:54,014 basehttp 154 "GET /blog/ HTTP/1.1" 200 6644
INFO 2020-02-10 22:58:54,032 basehttp 154 "GET /static/images/blog_bcg/b_2.jpg HTTP/1.1" 200 247565
INFO 2020-02-10 22:59:52,379 basehttp 154 "GET /blog/ HTTP/1.1" 200 6644
INFO 2020-02-10 22:59:52,400 basehttp 154 "GET /static/images/blog_bcg/b_2.jpg HTTP/1.1" 304 0
INFO 2020-02-10 22:59:53,098 basehttp 154 "GET /blog/ HTTP/1.1" 200 6644
INFO 2020-02-10 22:59:53,779 basehttp 154 "GET / HTTP/1.1" 200 14896
INFO 2020-02-10 23:00:14,484 basehttp 154 "GET /blog/ HTTP/1.1" 200 6644
INFO 2020-02-10 23:00:14,522 basehttp 154 "GET /static/images/blog_bcg/b_2.jpg HTTP/1.1" 304 0
INFO 2020-02-10 23:00:19,129 basehttp 154 "GET /blog/ HTTP/1.1" 200 6644
INFO 2020-02-10 23:00:34,466 basehttp 154 "GET / HTTP/1.1" 200 14896
INFO 2020-02-10 23:02:33,002 basehttp 154 "GET /blog/ HTTP/1.1" 200 6644
INFO 2020-02-10 23:02:33,019 basehttp 154 "GET /static/images/blog_bcg/b_2.jpg HTTP/1.1" 304 0
INFO 2020-02-10 23:32:45,703 basehttp 154 "GET /blog/ HTTP/1.1" 200 6721
INFO 2020-02-10 23:32:45,729 basehttp 154 "GET /static/images/blog_bcg/b_2.jpg HTTP/1.1" 304 0
INFO 2020-02-10 23:32:46,092 basehttp 154 "GET /blog/ HTTP/1.1" 200 6721
INFO 2020-02-10 23:32:46,283 basehttp 154 "GET /blog/ HTTP/1.1" 200 6721
INFO 2020-02-10 23:32:46,446 basehttp 154 "GET /blog/ HTTP/1.1" 200 6721
INFO 2020-02-10 23:32:46,589 basehttp 154 "GET /blog/ HTTP/1.1" 200 6721
INFO 2020-02-10 23:32:53,044 basehttp 154 "GET /blog/ HTTP/1.1" 200 6649
INFO 2020-02-10 23:32:53,560 basehttp 154 "GET /blog/ HTTP/1.1" 200 6649
INFO 2020-02-10 23:32:53,777 basehttp 154 "GET /blog/ HTTP/1.1" 200 6649
INFO 2020-02-10 23:32:54,027 basehttp 154 "GET /blog/ HTTP/1.1" 200 6649
INFO 2020-02-10 23:33:25,620 basehttp 154 "GET /blog/ HTTP/1.1" 200 6649
INFO 2020-02-10 23:33:25,863 basehttp 154 "GET /blog/ HTTP/1.1" 200 6649
INFO 2020-02-10 23:33:26,043 basehttp 154 "GET /blog/ HTTP/1.1" 200 6649
INFO 2020-02-10 23:33:26,204 basehttp 154 "GET /blog/ HTTP/1.1" 200 6649
INFO 2020-02-10 23:33:26,384 basehttp 154 "GET /blog/ HTTP/1.1" 200 6649
INFO 2020-02-10 23:33:26,559 basehttp 154 "GET /blog/ HTTP/1.1" 200 6649
INFO 2020-02-10 23:33:26,736 basehttp 154 "GET /blog/ HTTP/1.1" 200 6649
INFO 2020-02-10 23:33:26,901 basehttp 154 "GET /blog/ HTTP/1.1" 200 6649
INFO 2020-02-10 23:33:27,945 basehttp 154 "GET / HTTP/1.1" 200 14896
INFO 2020-02-10 23:33:29,681 basehttp 154 "GET /blog/ HTTP/1.1" 200 6649
INFO 2020-02-10 23:33:46,808 basehttp 154 "GET /blog/ HTTP/1.1" 200 6584
INFO 2020-02-10 23:33:46,989 basehttp 154 "GET /blog/ HTTP/1.1" 200 6584
INFO 2020-02-10 23:33:47,124 basehttp 154 "GET /blog/ HTTP/1.1" 200 6584
INFO 2020-02-10 23:33:47,235 basehttp 154 "GET /blog/ HTTP/1.1" 200 6584
INFO 2020-02-10 23:33:47,355 basehttp 154 "GET /blog/ HTTP/1.1" 200 6584
INFO 2020-02-10 23:33:47,470 basehttp 154 "GET /blog/ HTTP/1.1" 200 6584
INFO 2020-02-10 23:34:50,244 basehttp 154 "GET / HTTP/1.1" 200 14896
INFO 2020-02-10 23:34:54,270 basehttp 154 "GET /blog/ HTTP/1.1" 200 6584
INFO 2020-02-10 23:48:04,250 basehttp 154 "GET / HTTP/1.1" 200 14896
INFO 2020-02-10 23:48:06,340 basehttp 154 "GET /blog/ HTTP/1.1" 200 6589
INFO 2020-02-10 23:48:06,360 basehttp 154 "GET /static/images/blog_bcg/b_2.jpg HTTP/1.1" 304 0
INFO 2020-02-10 23:52:36,296 basehttp 154 "GET /blog/ HTTP/1.1" 200 6406
INFO 2020-02-10 23:52:36,310 basehttp 154 "GET /static/css/js/jquery.slides.min.js HTTP/1.1" 200 11646
INFO 2020-02-10 23:52:36,312 basehttp 154 "GET /static/css/stylee.css HTTP/1.1" 200 17550
INFO 2020-02-10 23:52:36,332 basehttp 154 "GET /static/images/jichujiaochen.jpeg HTTP/1.1" 200 11286
INFO 2020-02-10 23:52:36,368 basehttp 154 "GET /static/images/blog_bcg/b_2.jpg HTTP/1.1" 200 247565
INFO 2020-02-10 23:52:37,187 basehttp 154 "GET /blog/ HTTP/1.1" 200 6406
INFO 2020-02-10 23:52:37,198 basehttp 154 "GET /static/css/js/jquery.slides.min.js HTTP/1.1" 200 11646
INFO 2020-02-10 23:52:37,201 basehttp 154 "GET /static/images/jichujiaochen.jpeg HTTP/1.1" 200 11286
INFO 2020-02-10 23:52:37,204 basehttp 154 "GET /static/css/stylee.css HTTP/1.1" 200 17550
INFO 2020-02-10 23:52:37,251 basehttp 154 "GET /static/images/blog_bcg/b_2.jpg HTTP/1.1" 200 247565
INFO 2020-02-10 23:52:37,927 basehttp 154 "GET /static/images/marker.png HTTP/1.1" 200 441
INFO 2020-02-10 23:56:41,237 basehttp 154 "GET /blog/ HTTP/1.1" 200 6487
INFO 2020-02-10 23:56:41,248 basehttp 154 "GET /static/css/js/jquery.slides.min.js HTTP/1.1" 200 11646
INFO 2020-02-10 23:56:41,251 basehttp 154 "GET /static/images/jichujiaochen.jpeg HTTP/1.1" 200 11286
INFO 2020-02-10 23:56:41,252 basehttp 154 "GET /static/css/stylee.css HTTP/1.1" 200 17550
INFO 2020-02-10 23:56:41,304 basehttp 154 "GET /static/images/blog_bcg/b_2.jpg HTTP/1.1" 200 247565
INFO 2020-02-10 23:56:43,249 basehttp 154 "GET /static/images/marker.png HTTP/1.1" 200 441
INFO 2020-02-10 23:57:18,308 basehttp 154 "GET /blog/ HTTP/1.1" 200 6509
INFO 2020-02-10 23:57:18,321 basehttp 154 "GET /static/css/js/jquery.slides.min.js HTTP/1.1" 200 11646
INFO 2020-02-10 23:57:18,323 basehttp 154 "GET /static/images/jichujiaochen.jpeg HTTP/1.1" 200 11286
INFO 2020-02-10 23:57:18,325 basehttp 154 "GET /static/css/stylee.css HTTP/1.1" 200 17550
INFO 2020-02-10 23:57:18,350 basehttp 154 "GET /static/images/blog_bcg/b_2.jpg HTTP/1.1" 200 247565
INFO 2020-02-10 23:57:19,083 basehttp 154 "GET /blog/ HTTP/1.1" 200 6509
INFO 2020-02-10 23:57:19,097 basehttp 154 "GET /static/css/js/jquery.slides.min.js HTTP/1.1" 200 11646
INFO 2020-02-10 23:57:19,100 basehttp 154 "GET /static/images/jichujiaochen.jpeg HTTP/1.1" 200 11286
INFO 2020-02-10 23:57:19,104 basehttp 154 "GET /static/css/stylee.css HTTP/1.1" 200 17550
INFO 2020-02-10 23:57:19,124 basehttp 154 "GET /static/images/blog_bcg/b_2.jpg HTTP/1.1" 200 247565
INFO 2020-02-10 23:57:20,884 basehttp 154 "GET /static/images/marker.png HTTP/1.1" 200 441
INFO 2020-02-10 23:59:39,316 basehttp 154 "GET /blog/ HTTP/1.1" 200 6609
INFO 2020-02-11 00:00:12,230 basehttp 154 "GET /blog/ HTTP/1.1" 200 6592
INFO 2020-02-11 00:00:12,822 basehttp 154 "GET /blog/ HTTP/1.1" 200 6592
INFO 2020-02-11 00:00:13,051 basehttp 154 "GET /blog/ HTTP/1.1" 200 6592
INFO 2020-02-11 00:00:13,200 basehttp 154 "GET /blog/ HTTP/1.1" 200 6592
INFO 2020-02-11 00:00:18,452 basehttp 154 "GET / HTTP/1.1" 200 14896
INFO 2020-02-11 00:00:19,600 basehttp 154 "GET /blog/ HTTP/1.1" 200 6592
INFO 2020-02-11 00:00:20,822 basehttp 154 "GET /blog/ HTTP/1.1" 200 6592
INFO 2020-02-11 00:00:56,467 basehttp 154 "GET /blog/ HTTP/1.1" 200 6627
INFO 2020-02-11 00:00:56,479 basehttp 154 "GET /static/css/js/jquery.slides.min.js HTTP/1.1" 200 11646
INFO 2020-02-11 00:00:56,483 basehttp 154 "GET /static/images/jichujiaochen.jpeg HTTP/1.1" 200 11286
INFO 2020-02-11 00:00:56,484 basehttp 154 "GET /static/css/stylee.css HTTP/1.1" 200 17550
INFO 2020-02-11 00:00:56,505 basehttp 154 "GET /static/images/blog_bcg/b_2.jpg HTTP/1.1" 200 247565
INFO 2020-02-11 00:02:17,281 basehttp 154 "GET /blog/ HTTP/1.1" 200 6536
INFO 2020-02-11 00:02:17,293 basehttp 154 "GET /static/images/jichujiaochen.jpeg HTTP/1.1" 200 11286
INFO 2020-02-11 00:02:17,303 basehttp 154 "GET /static/css/js/jquery.slides.min.js HTTP/1.1" 200 11646
INFO 2020-02-11 00:02:17,319 basehttp 154 "GET /static/images/blog_bcg/b_2.jpg HTTP/1.1" 200 247565
INFO 2020-02-11 00:02:23,358 basehttp 154 "GET /blog/ HTTP/1.1" 200 6536
INFO 2020-02-11 00:02:23,971 basehttp 154 "GET /blog/ HTTP/1.1" 200 6536
INFO 2020-02-11 00:02:24,187 basehttp 154 "GET /blog/ HTTP/1.1" 200 6536
INFO 2020-02-11 00:02:24,366 basehttp 154 "GET /blog/ HTTP/1.1" 200 6536
INFO 2020-02-11 00:02:24,513 basehttp 154 "GET /blog/ HTTP/1.1" 200 6536
INFO 2020-02-11 00:02:24,658 basehttp 154 "GET /blog/ HTTP/1.1" 200 6536
INFO 2020-02-11 00:02:24,815 basehttp 154 "GET /blog/ HTTP/1.1" 200 6536
INFO 2020-02-11 00:02:24,997 basehttp 154 "GET /blog/ HTTP/1.1" 200 6536
INFO 2020-02-11 00:02:25,154 basehttp 154 "GET /blog/ HTTP/1.1" 200 6536
INFO 2020-02-11 00:02:39,623 basehttp 154 "GET /blog/ HTTP/1.1" 200 6627
INFO 2020-02-11 00:05:14,376 basehttp 154 "GET /blog/ HTTP/1.1" 200 6593
INFO 2020-02-11 00:05:14,944 basehttp 154 "GET /blog/ HTTP/1.1" 200 6593
INFO 2020-02-11 00:05:15,145 basehttp 154 "GET /blog/ HTTP/1.1" 200 6593
INFO 2020-02-11 00:05:24,245 basehttp 154 "GET /blog/ HTTP/1.1" 200 6627
INFO 2020-02-11 00:09:40,068 basehttp 154 "GET / HTTP/1.1" 200 14896
WARNING 2020-02-11 00:09:40,814 log 228 Not Found: /favicon.ico
WARNING 2020-02-11 00:09:40,814 basehttp 154 "GET /favicon.ico HTTP/1.1" 404 2194
INFO 2020-02-11 00:09:42,519 basehttp 154 "GET /blog/ HTTP/1.1" 200 6627
INFO 2020-02-11 00:09:42,543 basehttp 154 "GET /static/images/blog_bcg/b_2.jpg HTTP/1.1" 304 0
INFO 2020-02-11 00:09:52,988 basehttp 154 "GET /blog/ HTTP/1.1" 200 6627
INFO 2020-02-11 00:09:53,352 basehttp 154 "GET /blog/ HTTP/1.1" 200 6627
INFO 2020-02-11 00:09:53,502 basehttp 154 "GET /blog/ HTTP/1.1" 200 6627
INFO 2020-02-11 00:09:53,639 basehttp 154 "GET /blog/ HTTP/1.1" 200 6627
INFO 2020-02-11 00:11:59,633 basehttp 154 "GET /blog/ HTTP/1.1" 200 5790
INFO 2020-02-11 00:12:17,259 basehttp 154 "GET /blog/ HTTP/1.1" 200 5790
INFO 2020-02-11 00:12:22,648 basehttp 154 "GET /blog/ HTTP/1.1" 200 5780
INFO 2020-02-11 00:12:23,161 basehttp 154 "GET /blog/ HTTP/1.1" 200 5780
INFO 2020-02-11 00:12:23,321 basehttp 154 "GET /blog/ HTTP/1.1" 200 5780
INFO 2020-02-11 00:12:23,476 basehttp 154 "GET /blog/ HTTP/1.1" 200 5780
INFO 2020-02-11 00:12:25,148 basehttp 154 "GET /blog/ HTTP/1.1" 200 5780
INFO 2020-02-11 00:12:25,289 basehttp 154 "GET /blog/ HTTP/1.1" 200 5780
INFO 2020-02-11 00:12:25,434 basehttp 154 "GET /blog/ HTTP/1.1" 200 5780
INFO 2020-02-11 00:12:25,591 basehttp 154 "GET /blog/ HTTP/1.1" 200 5780
INFO 2020-02-11 00:12:25,758 basehttp 154 "GET /blog/ HTTP/1.1" 200 5780
INFO 2020-02-11 00:12:26,340 basehttp 154 "GET /blog/ HTTP/1.1" 200 5780
INFO 2020-02-11 00:12:38,317 basehttp 154 "GET /blog/ HTTP/1.1" 200 5684
INFO 2020-02-11 00:12:48,086 basehttp 154 "GET /blog/ HTTP/1.1" 200 5719
INFO 2020-02-11 00:12:48,478 basehttp 154 "GET /blog/ HTTP/1.1" 200 5719
INFO 2020-02-11 00:12:48,623 basehttp 154 "GET /blog/ HTTP/1.1" 200 5719
INFO 2020-02-11 00:12:48,758 basehttp 154 "GET /blog/ HTTP/1.1" 200 5719
INFO 2020-02-11 00:12:51,557 basehttp 154 "GET /blog/ HTTP/1.1" 200 5781
INFO 2020-02-11 00:13:18,439 basehttp 154 "GET /blog/ HTTP/1.1" 200 5829
INFO 2020-02-11 00:13:18,834 basehttp 154 "GET /blog/ HTTP/1.1" 200 5829
INFO 2020-02-11 00:13:19,007 basehttp 154 "GET /blog/ HTTP/1.1" 200 5829
INFO 2020-02-11 00:13:23,598 basehttp 154 "GET /blog/ HTTP/1.1" 200 5827
INFO 2020-02-11 00:13:29,866 basehttp 154 "GET /blog/ HTTP/1.1" 200 5838
INFO 2020-02-11 00:25:09,571 basehttp 154 "GET / HTTP/1.1" 200 14896
INFO 2020-02-11 00:27:32,940 basehttp 154 "GET /blog/ HTTP/1.1" 200 6392
INFO 2020-02-11 00:27:32,958 basehttp 154 "GET /static/images/blog_bcg/b_2.jpg HTTP/1.1" 304 0
INFO 2020-02-11 00:35:14,406 basehttp 154 "GET /blog/ HTTP/1.1" 200 6492
INFO 2020-02-11 00:35:45,358 basehttp 154 "GET /blog/ HTTP/1.1" 200 6568
INFO 2020-02-11 00:35:46,072 basehttp 154 "GET /blog/ HTTP/1.1" 200 6568
INFO 2020-02-11 00:35:52,483 basehttp 154 "GET /blog/ HTTP/1.1" 200 6568
INFO 2020-02-11 00:36:24,411 basehttp 154 "GET /blog/ HTTP/1.1" 200 6598
INFO 2020-02-11 00:36:29,691 basehttp 154 "GET /blog/ HTTP/1.1" 200 6598
INFO 2020-02-11 00:36:29,708 basehttp 154 "GET /static/images/blog_bcg/b_2.jpg HTTP/1.1" 304 0
INFO 2020-02-11 00:36:33,572 basehttp 154 "GET /blog/ HTTP/1.1" 200 6598
INFO 2020-02-11 00:36:36,936 basehttp 154 "GET /blog/ HTTP/1.1" 200 6598
INFO 2020-02-11 00:37:01,649 basehttp 154 "GET /blog/ HTTP/1.1" 200 6634
INFO 2020-02-11 00:40:10,240 basehttp 154 "GET /blog/ HTTP/1.1" 200 6781
INFO 2020-02-11 00:40:23,648 basehttp 154 "GET /blog/ HTTP/1.1" 200 6781
INFO 2020-02-11 00:40:40,042 basehttp 154 "GET /blog/ HTTP/1.1" 200 6782
INFO 2020-02-11 00:40:43,797 basehttp 154 "GET /blog/ HTTP/1.1" 200 6782
INFO 2020-02-11 00:40:49,647 basehttp 154 "GET /blog/ HTTP/1.1" 200 6782
INFO 2020-02-11 00:41:53,514 basehttp 154 "GET /blog/ HTTP/1.1" 200 6877
INFO 2020-02-11 00:42:09,553 basehttp 154 "GET /blog/ HTTP/1.1" 200 6906
INFO 2020-02-11 00:43:40,232 basehttp 154 "GET /blog/ HTTP/1.1" 200 7102
INFO 2020-02-11 00:44:48,444 basehttp 154 "GET /blog/ HTTP/1.1" 200 7313
INFO 2020-02-11 00:44:52,291 basehttp 154 "GET /blog/ HTTP/1.1" 200 7314
INFO 2020-02-11 00:44:52,623 basehttp 154 "GET /blog/ HTTP/1.1" 200 7314
INFO 2020-02-11 00:44:52,778 basehttp 154 "GET /blog/ HTTP/1.1" 200 7314
INFO 2020-02-11 00:45:10,148 basehttp 154 "GET /blog/ HTTP/1.1" 200 7290
INFO 2020-02-11 00:45:10,505 basehttp 154 "GET /blog/ HTTP/1.1" 200 7290
INFO 2020-02-11 00:45:10,663 basehttp 154 "GET /blog/ HTTP/1.1" 200 7290
INFO 2020-02-11 00:45:10,825 basehttp 154 "GET /blog/ HTTP/1.1" 200 7290
INFO 2020-02-11 00:45:10,977 basehttp 154 "GET /blog/ HTTP/1.1" 200 7290
INFO 2020-02-11 00:45:11,096 basehttp 154 "GET /blog/ HTTP/1.1" 200 7290
INFO 2020-02-11 00:45:11,212 basehttp 154 "GET /blog/ HTTP/1.1" 200 7290
INFO 2020-02-11 00:45:11,346 basehttp 154 "GET /blog/ HTTP/1.1" 200 7290
INFO 2020-02-11 00:45:19,086 basehttp 154 "GET /blog/ HTTP/1.1" 200 7287
INFO 2020-02-11 00:45:19,437 basehttp 154 "GET /blog/ HTTP/1.1" 200 7287
INFO 2020-02-11 00:45:19,585 basehttp 154 "GET /blog/ HTTP/1.1" 200 7287
INFO 2020-02-11 00:45:21,974 basehttp 154 "GET /blog/ HTTP/1.1" 200 7290
INFO 2020-02-11 00:45:22,116 basehttp 154 "GET /blog/ HTTP/1.1" 200 7290
INFO 2020-02-11 00:45:22,246 basehttp 154 "GET /blog/ HTTP/1.1" 200 7290
INFO 2020-02-11 00:45:32,640 basehttp 154 "GET /blog/ HTTP/1.1" 200 7289
INFO 2020-02-11 00:45:35,945 basehttp 154 "GET /blog/ HTTP/1.1" 200 7296
INFO 2020-02-11 00:45:43,059 basehttp 154 "GET /blog/ HTTP/1.1" 200 7290
INFO 2020-02-11 00:45:43,542 basehttp 154 "GET /blog/ HTTP/1.1" 200 7290
INFO 2020-02-11 00:45:43,752 basehttp 154 "GET /blog/ HTTP/1.1" 200 7290
INFO 2020-02-11 00:45:43,898 basehttp 154 "GET /blog/ HTTP/1.1" 200 7290
INFO 2020-02-11 00:45:45,830 basehttp 154 "GET /blog/ HTTP/1.1" 200 7289
INFO 2020-02-11 00:46:07,656 basehttp 154 "GET /blog/ HTTP/1.1" 200 7298
INFO 2020-02-11 00:46:41,200 basehttp 154 "GET /blog/ HTTP/1.1" 200 7313
INFO 2020-02-11 00:46:41,217 basehttp 154 "GET /static/images/blog_bcg/b_2.jpg HTTP/1.1" 304 0
INFO 2020-02-11 00:47:08,200 basehttp 154 "GET /blog/ HTTP/1.1" 200 7343
INFO 2020-02-11 00:47:36,370 basehttp 154 "GET /blog/ HTTP/1.1" 200 7345
INFO 2020-02-11 00:47:46,314 basehttp 154 "GET /blog/ HTTP/1.1" 200 7344
INFO 2020-02-11 00:48:42,672 basehttp 154 "GET /blog/ HTTP/1.1" 200 7461
INFO 2020-02-11 00:49:47,057 basehttp 154 "GET /blog/ HTTP/1.1" 200 7475
INFO 2020-02-11 00:49:47,442 basehttp 154 "GET /blog/ HTTP/1.1" 200 7475
INFO 2020-02-11 00:52:04,007 basehttp 154 "GET /blog/ HTTP/1.1" 200 7515
INFO 2020-02-11 00:52:04,392 basehttp 154 "GET /blog/ HTTP/1.1" 200 7515
INFO 2020-02-11 00:52:04,619 basehttp 154 "GET /blog/ HTTP/1.1" 200 7515
INFO 2020-02-11 00:54:05,971 basehttp 154 "GET /blog/ HTTP/1.1" 200 7666
INFO 2020-02-11 00:54:07,275 basehttp 154 "GET /blog/ HTTP/1.1" 200 7666
INFO 2020-02-11 00:54:15,204 basehttp 154 "GET /blog/ HTTP/1.1" 200 7667
INFO 2020-02-11 00:54:20,807 basehttp 154 "GET /blog/ HTTP/1.1" 200 7668
INFO 2020-02-11 00:54:21,298 basehttp 154 "GET /blog/ HTTP/1.1" 200 7668
INFO 2020-02-11 00:54:30,306 basehttp 154 "GET /blog/ HTTP/1.1" 200 7666
INFO 2020-02-11 00:54:41,028 basehttp 154 "GET /blog/ HTTP/1.1" 200 7698
INFO 2020-02-11 00:54:47,133 basehttp 154 "GET /blog/ HTTP/1.1" 200 7698
INFO 2020-02-11 00:54:50,156 basehttp 154 "GET /blog/ HTTP/1.1" 200 7698
INFO 2020-02-11 00:54:58,993 basehttp 154 "GET /blog/ HTTP/1.1" 200 7698
INFO 2020-02-11 00:55:31,485 basehttp 154 "GET /blog/ HTTP/1.1" 200 7805
INFO 2020-02-11 00:55:38,933 basehttp 154 "GET /blog/ HTTP/1.1" 200 7820
INFO 2020-02-11 00:55:39,309 basehttp 154 "GET /blog/ HTTP/1.1" 200 7820
INFO 2020-02-11 00:55:59,598 basehttp 154 "GET /blog/ HTTP/1.1" 200 7879
INFO 2020-02-11 00:56:00,040 basehttp 154 "GET /blog/ HTTP/1.1" 200 7879
INFO 2020-02-11 00:56:12,731 basehttp 154 "GET /blog/ HTTP/1.1" 200 7920
INFO 2020-02-11 00:56:13,481 basehttp 154 "GET /blog/ HTTP/1.1" 200 7920
INFO 2020-02-11 00:56:13,626 basehttp 154 "GET /blog/ HTTP/1.1" 200 7920
INFO 2020-02-11 00:56:17,099 basehttp 154 "GET /blog/ HTTP/1.1" 200 7920
INFO 2020-02-11 00:56:17,371 basehttp 154 "GET /blog/ HTTP/1.1" 200 7920
INFO 2020-02-11 00:56:17,580 basehttp 154 "GET /blog/ HTTP/1.1" 200 7920
INFO 2020-02-11 00:56:17,661 basehttp 154 "GET /blog/ HTTP/1.1" 200 7920
INFO 2020-02-11 00:56:26,982 basehttp 154 "GET /blog/ HTTP/1.1" 200 7885
INFO 2020-02-11 00:56:27,403 basehttp 154 "GET /blog/ HTTP/1.1" 200 7885
INFO 2020-02-11 00:56:58,867 basehttp 154 "GET /blog/ HTTP/1.1" 200 7884
INFO 2020-02-11 00:57:16,275 basehttp 154 "GET /blog/ HTTP/1.1" 200 7869
INFO 2020-02-11 00:57:49,845 basehttp 154 "GET /blog/ HTTP/1.1" 200 7867
INFO 2020-02-11 00:57:49,862 basehttp 154 "GET /static/images/blog_bcg/b_2.jpg HTTP/1.1" 304 0
INFO 2020-02-11 00:58:48,830 basehttp 154 "GET /blog/ HTTP/1.1" 200 7869
INFO 2020-02-11 00:58:55,826 basehttp 154 "GET /blog/ HTTP/1.1" 200 7884
INFO 2020-02-11 00:59:09,171 basehttp 154 "GET /blog/ HTTP/1.1" 200 7920
INFO 2020-02-11 00:59:09,585 basehttp 154 "GET /blog/ HTTP/1.1" 200 7920
INFO 2020-02-11 00:59:09,734 basehttp 154 "GET /blog/ HTTP/1.1" 200 7920
INFO 2020-02-11 00:59:55,140 basehttp 154 "GET /blog/ HTTP/1.1" 200 7876
INFO 2020-02-11 01:00:15,870 basehttp 154 "GET /blog/ HTTP/1.1" 200 7857
INFO 2020-02-11 01:00:16,289 basehttp 154 "GET /blog/ HTTP/1.1" 200 7857
INFO 2020-02-11 01:00:16,512 basehttp 154 "GET /blog/ HTTP/1.1" 200 7857
INFO 2020-02-11 01:00:16,731 basehttp 154 "GET /blog/ HTTP/1.1" 200 7857
INFO 2020-02-11 01:00:29,466 basehttp 154 "GET /blog/ HTTP/1.1" 200 7903
INFO 2020-02-11 01:00:35,253 basehttp 154 "GET /blog/ HTTP/1.1" 200 7903
INFO 2020-02-11 01:00:35,648 basehttp 154 "GET /blog/ HTTP/1.1" 200 7903
INFO 2020-02-11 01:00:40,571 basehttp 154 "GET /blog/ HTTP/1.1" 200 7904
INFO 2020-02-11 01:00:43,341 basehttp 154 "GET /blog/ HTTP/1.1" 200 7904
INFO 2020-02-11 01:01:03,108 basehttp 154 "GET /blog/ HTTP/1.1" 200 7904
INFO 2020-02-11 01:01:16,460 basehttp 154 "GET /blog/ HTTP/1.1" 200 7904
INFO 2020-02-11 01:01:33,566 basehttp 154 "GET /blog/ HTTP/1.1" 200 7904
INFO 2020-02-11 01:01:48,941 basehttp 154 "GET /blog/ HTTP/1.1" 200 7933
INFO 2020-02-11 01:01:58,079 basehttp 154 "GET /blog/ HTTP/1.1" 200 7934
INFO 2020-02-11 01:02:03,140 basehttp 154 "GET /blog/ HTTP/1.1" 200 7934
INFO 2020-02-11 01:02:41,502 basehttp 154 "GET /blog/ HTTP/1.1" 200 7946
INFO 2020-02-11 01:02:43,683 basehttp 154 "GET /blog/ HTTP/1.1" 200 7946
INFO 2020-02-11 01:02:44,178 basehttp 154 "GET /blog/ HTTP/1.1" 200 7946
INFO 2020-02-11 01:02:49,880 basehttp 154 "GET /blog/ HTTP/1.1" 200 7940
INFO 2020-02-11 01:02:50,477 basehttp 154 "GET /blog/ HTTP/1.1" 200 7940
INFO 2020-02-11 01:02:50,661 basehttp 154 "GET /blog/ HTTP/1.1" 200 7940
INFO 2020-02-11 01:02:57,996 basehttp 154 "GET /blog/ HTTP/1.1" 200 7934
INFO 2020-02-11 01:03:06,936 basehttp 154 "GET /blog/ HTTP/1.1" 200 7940
INFO 2020-02-11 01:04:01,674 basehttp 154 "GET /blog/ HTTP/1.1" 200 7906
INFO 2020-02-11 01:04:48,875 basehttp 154 "GET /blog/ HTTP/1.1" 200 7734
INFO 2020-02-11 01:05:22,811 basehttp 154 "GET /blog/ HTTP/1.1" 200 7743
INFO 2020-02-11 01:05:55,848 basehttp 154 "GET /blog/ HTTP/1.1" 200 7746
INFO 2020-02-11 01:05:56,820 basehttp 154 "GET /blog/ HTTP/1.1" 200 7746
INFO 2020-02-11 01:05:56,990 basehttp 154 "GET /blog/ HTTP/1.1" 200 7746
INFO 2020-02-11 01:05:57,151 basehttp 154 "GET /blog/ HTTP/1.1" 200 7746
INFO 2020-02-11 01:06:16,146 basehttp 154 "GET /blog/ HTTP/1.1" 200 7731
INFO 2020-02-11 01:06:25,241 basehttp 154 "GET /blog/ HTTP/1.1" 200 7746
INFO 2020-02-11 01:06:33,881 basehttp 154 "GET /blog/ HTTP/1.1" 200 7785
INFO 2020-02-11 01:06:34,403 basehttp 154 "GET /blog/ HTTP/1.1" 200 7785
INFO 2020-02-11 01:06:34,577 basehttp 154 "GET /blog/ HTTP/1.1" 200 7785
INFO 2020-02-11 01:06:34,740 basehttp 154 "GET /blog/ HTTP/1.1" 200 7785
INFO 2020-02-11 01:06:34,879 basehttp 154 "GET /blog/ HTTP/1.1" 200 7785
INFO 2020-02-11 01:07:19,962 basehttp 154 "GET /blog/ HTTP/1.1" 200 7655
INFO 2020-02-11 01:07:20,351 basehttp 154 "GET /blog/ HTTP/1.1" 200 7655
INFO 2020-02-11 01:07:20,506 basehttp 154 "GET /blog/ HTTP/1.1" 200 7655
INFO 2020-02-11 01:07:34,031 basehttp 154 "GET /blog/ HTTP/1.1" 200 7676
INFO 2020-02-11 01:07:39,194 basehttp 154 "GET /blog/ HTTP/1.1" 200 7676
INFO 2020-02-11 01:07:48,367 basehttp 154 "GET /blog/ HTTP/1.1" 200 7676
INFO 2020-02-11 01:08:19,129 basehttp 154 "GET /blog/ HTTP/1.1" 200 7730
INFO 2020-02-11 01:08:38,850 basehttp 154 "GET /blog/ HTTP/1.1" 200 7699
INFO 2020-02-11 01:08:46,156 basehttp 154 "GET /blog/ HTTP/1.1" 200 7681
INFO 2020-02-11 01:08:49,645 basehttp 154 "GET /blog/ HTTP/1.1" 200 7676
INFO 2020-02-11 01:09:59,964 basehttp 154 "GET /blog/ HTTP/1.1" 200 7734
INFO 2020-02-11 01:09:59,978 basehttp 154 "GET /static/images/blog_bcg/b_2.jpg HTTP/1.1" 304 0
INFO 2020-02-11 01:10:00,736 basehttp 154 "GET /blog/ HTTP/1.1" 200 7734
INFO 2020-02-11 01:10:50,648 basehttp 154 "GET /blog/ HTTP/1.1" 200 7745
INFO 2020-02-11 01:10:50,661 basehttp 154 "GET /static/css/js/jquery.slides.min.js HTTP/1.1" 200 11646
INFO 2020-02-11 01:10:50,664 basehttp 154 "GET /static/images/jichujiaochen.jpeg HTTP/1.1" 200 11286
INFO 2020-02-11 01:10:50,765 basehttp 154 "GET /static/css/stylee.css HTTP/1.1" 200 17525
INFO 2020-02-11 01:10:50,786 basehttp 154 "GET /static/images/blog_bcg/b_2.jpg HTTP/1.1" 200 247565
INFO 2020-02-11 01:10:52,157 basehttp 154 "GET /blog/ HTTP/1.1" 200 7745
INFO 2020-02-11 01:10:52,166 basehttp 154 "GET /static/css/stylee.css HTTP/1.1" 200 17525
INFO 2020-02-11 01:10:52,171 basehttp 154 "GET /static/css/js/jquery.slides.min.js HTTP/1.1" 200 11646
INFO 2020-02-11 01:10:52,173 basehttp 154 "GET /static/images/jichujiaochen.jpeg HTTP/1.1" 200 11286
INFO 2020-02-11 01:10:52,192 basehttp 154 "GET /static/images/blog_bcg/b_2.jpg HTTP/1.1" 200 247565
INFO 2020-02-11 01:10:56,440 basehttp 154 "GET /static/images/marker.png HTTP/1.1" 200 441
INFO 2020-02-11 01:11:32,231 basehttp 154 "GET /blog/ HTTP/1.1" 200 7681
INFO 2020-02-11 01:11:32,243 basehttp 154 "GET /static/css/js/jquery.slides.min.js HTTP/1.1" 200 11646
INFO 2020-02-11 01:11:32,244 basehttp 154 "GET /static/images/jichujiaochen.jpeg HTTP/1.1" 200 11286
INFO 2020-02-11 01:11:32,246 basehttp 154 "GET /static/css/stylee.css HTTP/1.1" 200 17525
INFO 2020-02-11 01:11:32,269 basehttp 154 "GET /static/images/blog_bcg/b_2.jpg HTTP/1.1" 200 247565
INFO 2020-02-11 01:11:40,795 basehttp 154 "GET /static/images/marker.png HTTP/1.1" 200 441
INFO 2020-02-11 01:12:15,757 basehttp 154 "GET /blog/ HTTP/1.1" 200 7684
INFO 2020-02-11 01:12:15,770 basehttp 154 "GET /static/css/js/jquery.slides.min.js HTTP/1.1" 200 11646
INFO 2020-02-11 01:12:15,772 basehttp 154 "GET /static/images/jichujiaochen.jpeg HTTP/1.1" 200 11286
INFO 2020-02-11 01:12:15,775 basehttp 154 "GET /static/css/stylee.css HTTP/1.1" 200 17525
INFO 2020-02-11 01:12:15,803 basehttp 154 "GET /static/images/blog_bcg/b_2.jpg HTTP/1.1" 200 247565
INFO 2020-02-11 01:12:16,283 basehttp 154 "GET /blog/ HTTP/1.1" 200 7684
INFO 2020-02-11 01:12:16,293 basehttp 154 "GET /static/css/js/jquery.slides.min.js HTTP/1.1" 200 11646
INFO 2020-02-11 01:12:16,294 basehttp 154 "GET /static/css/stylee.css HTTP/1.1" 200 17525
INFO 2020-02-11 01:12:16,297 basehttp 154 "GET /static/images/jichujiaochen.jpeg HTTP/1.1" 200 11286
INFO 2020-02-11 01:12:16,346 basehttp 154 "GET /static/images/blog_bcg/b_2.jpg HTTP/1.1" 200 247565
INFO 2020-02-11 01:12:24,980 basehttp 154 "GET /static/images/marker.png HTTP/1.1" 200 441
INFO 2020-02-11 01:12:34,398 basehttp 154 "GET /blog/ HTTP/1.1" 200 7679
INFO 2020-02-11 01:12:34,411 basehttp 154 "GET /static/css/js/jquery.slides.min.js HTTP/1.1" 200 11646
INFO 2020-02-11 01:12:34,414 basehttp 154 "GET /static/images/jichujiaochen.jpeg HTTP/1.1" 200 11286
INFO 2020-02-11 01:12:34,417 basehttp 154 "GET /static/css/stylee.css HTTP/1.1" 200 17525
INFO 2020-02-11 01:12:34,502 basehttp 154 "GET /static/images/blog_bcg/b_2.jpg HTTP/1.1" 200 247565
INFO 2020-02-11 01:12:35,535 basehttp 154 "GET /static/images/marker.png HTTP/1.1" 200 441
INFO 2020-02-11 01:12:58,456 basehttp 154 "GET /blog/ HTTP/1.1" 200 7670
INFO 2020-02-11 01:12:58,471 basehttp 154 "GET /static/images/jichujiaochen.jpeg HTTP/1.1" 200 11286
INFO 2020-02-11 01:12:58,473 basehttp 154 "GET /static/css/stylee.css HTTP/1.1" 200 17525
INFO 2020-02-11 01:12:58,473 basehttp 154 "GET /static/css/js/jquery.slides.min.js HTTP/1.1" 200 11646
INFO 2020-02-11 01:12:58,566 basehttp 154 "GET /static/images/blog_bcg/b_2.jpg HTTP/1.1" 200 247565
INFO 2020-02-11 01:13:14,768 basehttp 154 "GET / HTTP/1.1" 200 14896
INFO 2020-02-11 01:13:14,807 basehttp 154 "GET /static/assets/js/browser.min.js HTTP/1.1" 200 1851
INFO 2020-02-11 01:13:14,807 basehttp 154 "GET /static/assets/js/breakpoints.min.js HTTP/1.1" 200 2439
INFO 2020-02-11 01:13:14,816 basehttp 154 "GET /static/images/pic01.jpg HTTP/1.1" 200 10064
INFO 2020-02-11 01:13:14,817 basehttp 154 "GET /static/assets/css/main.css HTTP/1.1" 200 36089
INFO 2020-02-11 01:13:14,844 basehttp 154 "GET /static/assets/js/main.js HTTP/1.1" 200 8435
INFO 2020-02-11 01:13:14,845 basehttp 154 "GET /static/images/pic02.jpg HTTP/1.1" 200 8904
INFO 2020-02-11 01:13:14,848 basehttp 154 "GET /static/images/pic03.jpg HTTP/1.1" 200 9697
INFO 2020-02-11 01:13:14,851 basehttp 154 "GET /static/assets/js/util.js HTTP/1.1" 200 12433
INFO 2020-02-11 01:13:14,859 basehttp 154 "GET /static/images/jinwu.png HTTP/1.1" 200 176629
INFO 2020-02-11 01:13:14,882 basehttp 154 "GET /static/assets/js/jquery.min.js HTTP/1.1" 200 88145
INFO 2020-02-11 01:13:14,906 basehttp 154 "GET /static/assets/css/fontawesome-all.min.css HTTP/1.1" 200 56021
INFO 2020-02-11 01:13:15,070 basehttp 154 "GET /static/images/overlay.png HTTP/1.1" 200 4385
INFO 2020-02-11 01:13:15,125 basehttp 154 "GET /static/webfonts/fa-regular-400.woff2 HTTP/1.1" 200 13580
INFO 2020-02-11 01:13:15,155 basehttp 154 "GET /static/webfonts/fa-brands-400.woff2 HTTP/1.1" 200 74508
INFO 2020-02-11 01:13:15,164 basehttp 154 "GET /static/images/bg.jpg HTTP/1.1" 200 86682
INFO 2020-02-11 01:13:15,191 basehttp 154 "GET /static/webfonts/fa-solid-900.woff2 HTTP/1.1" 200 75440
INFO 2020-02-11 01:13:16,933 basehttp 154 "GET /blog/ HTTP/1.1" 200 7670
INFO 2020-02-11 01:13:16,944 basehttp 154 "GET /static/css/js/jquery.slides.min.js HTTP/1.1" 200 11646
INFO 2020-02-11 01:13:16,951 basehttp 154 "GET /static/css/stylee.css HTTP/1.1" 200 17525
INFO 2020-02-11 01:13:16,948 basehttp 154 "GET /static/images/jichujiaochen.jpeg HTTP/1.1" 200 11286
INFO 2020-02-11 01:13:17,009 basehttp 154 "GET /static/images/blog_bcg/b_2.jpg HTTP/1.1" 200 247565
INFO 2020-02-11 01:13:17,992 basehttp 154 "GET /static/images/marker.png HTTP/1.1" 200 441
INFO 2020-02-11 01:13:31,657 basehttp 154 "GET /blog/ HTTP/1.1" 200 7658
INFO 2020-02-11 01:13:31,669 basehttp 154 "GET /static/css/js/jquery.slides.min.js HTTP/1.1" 200 11646
INFO 2020-02-11 01:13:31,671 basehttp 154 "GET /static/images/jichujiaochen.jpeg HTTP/1.1" 200 11286
INFO 2020-02-11 01:13:31,675 basehttp 154 "GET /static/css/stylee.css HTTP/1.1" 200 17525
INFO 2020-02-11 01:13:31,721 basehttp 154 "GET /static/images/blog_bcg/b_2.jpg HTTP/1.1" 200 247565
INFO 2020-02-11 01:13:54,565 basehttp 154 "GET /blog/ HTTP/1.1" 200 7647
INFO 2020-02-11 01:14:05,809 basehttp 154 "GET /blog/ HTTP/1.1" 200 7707
INFO 2020-02-11 01:18:57,938 basehttp 154 "GET /blog/ HTTP/1.1" 200 7647
INFO 2020-02-11 01:18:58,016 basehttp 154 "GET /blog/ HTTP/1.1" 200 7647
INFO 2020-02-11 01:19:01,954 basehttp 154 "GET /blog/ HTTP/1.1" 200 7649
INFO 2020-02-11 01:19:13,714 basehttp 154 "GET /blog/ HTTP/1.1" 200 7709
INFO 2020-02-11 01:19:26,839 basehttp 154 "GET /blog/ HTTP/1.1" 200 7661
INFO 2020-02-11 01:19:29,135 basehttp 154 "GET /blog/ HTTP/1.1" 200 7665
INFO 2020-02-11 01:19:41,049 basehttp 154 "GET /blog/ HTTP/1.1" 200 7666
INFO 2020-02-11 01:19:55,544 basehttp 154 "GET /blog/ HTTP/1.1" 200 7677
INFO 2020-02-11 01:19:56,296 basehttp 154 "GET /blog/ HTTP/1.1" 200 7677
INFO 2020-02-11 01:20:06,703 basehttp 154 "GET /blog/ HTTP/1.1" 200 7677
INFO 2020-02-11 01:20:07,012 basehttp 154 "GET /blog/ HTTP/1.1" 200 7677
INFO 2020-02-11 01:20:07,165 basehttp 154 "GET /blog/ HTTP/1.1" 200 7677
INFO 2020-02-11 01:21:24,054 basehttp 154 "GET /blog/ HTTP/1.1" 200 7788
INFO 2020-02-11 01:21:32,342 basehttp 154 "GET /blog/ HTTP/1.1" 200 7788
INFO 2020-02-11 01:21:58,226 basehttp 154 "GET /blog/ HTTP/1.1" 200 7793
INFO 2020-02-11 01:22:05,064 basehttp 154 "GET /blog/ HTTP/1.1" 200 7793
INFO 2020-02-11 01:23:14,009 basehttp 154 "GET /blog/ HTTP/1.1" 200 7823
INFO 2020-02-11 01:23:21,397 basehttp 154 "GET /blog/ HTTP/1.1" 200 7823
INFO 2020-02-11 01:24:18,966 basehttp 154 "GET /blog/ HTTP/1.1" 200 7822
INFO 2020-02-11 01:24:46,802 basehttp 154 "GET /blog/ HTTP/1.1" 200 8343
INFO 2020-02-11 01:25:02,847 basehttp 154 "GET /blog/ HTTP/1.1" 200 8312
INFO 2020-02-11 01:25:33,122 basehttp 154 "GET /blog/ HTTP/1.1" 200 8342
INFO 2020-02-11 01:28:49,086 basehttp 154 "GET / HTTP/1.1" 200 14896
INFO 2020-02-11 01:28:49,123 basehttp 154 "GET /static/assets/css/main.css HTTP/1.1" 200 36089
INFO 2020-02-11 01:29:23,847 basehttp 154 "GET / HTTP/1.1" 200 14896
INFO 2020-02-11 01:29:23,859 basehttp 154 "GET /static/images/pic01.jpg HTTP/1.1" 200 10064
INFO 2020-02-11 01:29:23,862 basehttp 154 "GET /static/images/pic02.jpg HTTP/1.1" 200 8904
INFO 2020-02-11 01:29:23,864 basehttp 154 "GET /static/images/jinwu.png HTTP/1.1" 200 176629
INFO 2020-02-11 01:29:23,872 basehttp 154 "GET /static/images/pic03.jpg HTTP/1.1" 200 9697
INFO 2020-02-11 01:29:23,874 basehttp 154 "GET /static/assets/js/breakpoints.min.js HTTP/1.1" 200 2439
INFO 2020-02-11 01:29:23,877 basehttp 154 "GET /static/assets/js/jquery.min.js HTTP/1.1" 200 88145
INFO 2020-02-11 01:29:23,877 basehttp 154 "GET /static/assets/js/util.js HTTP/1.1" 200 12433
INFO 2020-02-11 01:29:23,881 basehttp 154 "GET /static/assets/js/browser.min.js HTTP/1.1" 200 1851
INFO 2020-02-11 01:29:23,886 basehttp 154 "GET /static/assets/js/main.js HTTP/1.1" 200 8435
INFO 2020-02-11 01:29:24,242 basehttp 154 "GET / HTTP/1.1" 200 14896
INFO 2020-02-11 01:29:24,277 basehttp 154 "GET /static/assets/css/fontawesome-all.min.css HTTP/1.1" 200 56021
INFO 2020-02-11 01:29:24,431 basehttp 154 "GET /static/images/overlay.png HTTP/1.1" 200 4385
INFO 2020-02-11 01:29:24,458 basehttp 154 "GET /static/images/bg.jpg HTTP/1.1" 200 86682
INFO 2020-02-11 01:29:24,524 basehttp 154 "GET /static/webfonts/fa-brands-400.woff2 HTTP/1.1" 200 74508
INFO 2020-02-11 01:29:24,530 basehttp 154 "GET /static/webfonts/fa-regular-400.woff2 HTTP/1.1" 200 13580
INFO 2020-02-11 01:29:24,528 basehttp 154 "GET /static/webfonts/fa-solid-900.woff2 HTTP/1.1" 200 75440
WARNING 2020-02-11 01:29:24,611 log 228 Not Found: /favicon.ico
WARNING 2020-02-11 01:29:24,611 basehttp 154 "GET /favicon.ico HTTP/1.1" 404 2194
INFO 2020-02-11 01:29:26,754 basehttp 154 "GET /blog/ HTTP/1.1" 200 8342
INFO 2020-02-11 01:29:26,767 basehttp 154 "GET /static/css/stylee.css HTTP/1.1" 200 17525
INFO 2020-02-11 01:29:26,772 basehttp 154 "GET /static/css/js/jquery.slides.min.js HTTP/1.1" 200 11646
INFO 2020-02-11 01:29:26,774 basehttp 154 "GET /static/images/jichujiaochen.jpeg HTTP/1.1" 200 11286
INFO 2020-02-11 01:29:26,795 basehttp 154 "GET /static/images/blog_bcg/b_2.jpg HTTP/1.1" 200 247565
INFO 2020-02-11 01:29:27,008 basehttp 154 "GET /static/images/marker.png HTTP/1.1" 200 441
